Running: /opt/Xilinx/14.7/ISE_DS/ISE/bin/lin64/unwrapped/fuse -intstyle ise -incremental -lib secureip -o /home/ise/PartageVM/TP_Elargoubi/TP1/test_compteur_isim_beh.exe -prj /home/ise/PartageVM/TP_Elargoubi/TP1/test_compteur_beh.prj work.test_compteur 
ISim P.20131013 (signature 0xfbc00daa)
Number of CPUs detected in this system: 2
Turning on mult-threading, number of parallel sub-compilation jobs: 4 
Determining compilation order of HDL files
Parsing VHDL file "/home/ise/PartageVM/TP_Elargoubi/TP1/compteur.vhd" into library work
Parsing VHDL file "/home/ise/PartageVM/TP_Elargoubi/TP1/test_compteur.vhd" into library work
Starting static elaboration
Completed static elaboration
Fuse Memory Usage: 96828 KB
Fuse CPU Usage: 1750 ms
Compiling package standard
Compiling package std_logic_1164
Compiling package numeric_std
Compiling architecture arch of entity compteur [compteur_default]
Compiling architecture behavior of entity test_compteur
Time Resolution for simulation is 1ps.
Waiting for 1 sub-compilation(s) to finish...
Compiled 6 VHDL Units
Built simulation executable /home/ise/PartageVM/TP_Elargoubi/TP1/test_compteur_isim_beh.exe
Fuse Memory Usage: 404392 KB
Fuse CPU Usage: 1830 ms
GCC CPU Usage: 880 ms
